----------------------------------------------------------------
Wed May 08 12:07:11 PDT 2019:
Booting Derby version The Apache Software Foundation - Apache Derby - 10.15.1.3 - (1853019): instance a816c00e-016a-98d7-a79b-00000f27f1d0 
on database directory C:\Users\aPham\Google Drive\CSULB\CECES 543\MusicPlayer\SongsDB with class loader jdk.internal.loader.ClassLoaders$AppClassLoader@77556fd 
Loaded from file:/C:/Users/aPham/Google%20Drive/CSULB/CECES%20543/MusicPlayer/jar%20files/derby.jar
java.vendor=Oracle Corporation
java.runtime.version=11.0.1+13-LTS
user.dir=C:\Users\aPham\Google Drive\CSULB\CECES 543\MusicPlayer
os.name=Windows 10
os.arch=amd64
os.version=10.0
derby.system.home=null
Database Class Loader started - derby.database.classpath=''
----------------------------------------------------------------
Wed May 08 12:07:12 PDT 2019:
Booting Derby version The Apache Software Foundation - Apache Derby - 10.15.1.3 - (1853019): instance c0a0c103-016a-98d7-a79b-00000f27f1d0 
on database directory C:\Users\aPham\Google Drive\CSULB\CECES 543\MusicPlayer\playlistDB with class loader jdk.internal.loader.ClassLoaders$AppClassLoader@77556fd 
Loaded from file:/C:/Users/aPham/Google%20Drive/CSULB/CECES%20543/MusicPlayer/jar%20files/derby.jar
java.vendor=Oracle Corporation
java.runtime.version=11.0.1+13-LTS
user.dir=C:\Users\aPham\Google Drive\CSULB\CECES 543\MusicPlayer
os.name=Windows 10
os.arch=amd64
os.version=10.0
derby.system.home=null
Database Class Loader started - derby.database.classpath=''
----------------------------------------------------------------
Wed May 08 12:07:12 PDT 2019:
Booting Derby version The Apache Software Foundation - Apache Derby - 10.15.1.3 - (1853019): instance 33c901f8-016a-98d7-a79b-00000f27f1d0 
on database directory C:\Users\aPham\Google Drive\CSULB\CECES 543\MusicPlayer\recentSongDB with class loader jdk.internal.loader.ClassLoaders$AppClassLoader@77556fd 
Loaded from file:/C:/Users/aPham/Google%20Drive/CSULB/CECES%20543/MusicPlayer/jar%20files/derby.jar
java.vendor=Oracle Corporation
java.runtime.version=11.0.1+13-LTS
user.dir=C:\Users\aPham\Google Drive\CSULB\CECES 543\MusicPlayer
os.name=Windows 10
os.arch=amd64
os.version=10.0
derby.system.home=null
Database Class Loader started - derby.database.classpath=''
----------------------------------------------------------------
Wed May 08 12:10:10 PDT 2019:
Shutting down instance a816c00e-016a-98d7-a79b-00000f27f1d0 on database directory C:\Users\aPham\Google Drive\CSULB\CECES 543\MusicPlayer\SongsDB with class loader jdk.internal.loader.ClassLoaders$AppClassLoader@77556fd 
