----------------------------------------------------------------
Sun Apr 14 11:13:44 PDT 2019:
Booting Derby version The Apache Software Foundation - Apache Derby - 10.15.1.3 - (1853019): instance a816c00e-016a-1d0e-182f-00000f5077a0 
on database directory C:\Users\seand\Iteration2\SongsDB with class loader jdk.internal.loader.ClassLoaders$AppClassLoader@77556fd 
Loaded from file:/C:/Users/seand/Iteration2/jar%20files/derby.jar
java.vendor=Oracle Corporation
java.runtime.version=11.0.2+9-LTS
user.dir=C:\Users\seand\Iteration2
os.name=Windows 10
os.arch=amd64
os.version=10.0
derby.system.home=null
Database Class Loader started - derby.database.classpath=''
----------------------------------------------------------------
Sun Apr 14 11:13:44 PDT 2019:
Booting Derby version The Apache Software Foundation - Apache Derby - 10.15.1.3 - (1853019): instance a02ac013-016a-1d0e-182f-00000f5077a0 
on database directory C:\Users\seand\Iteration2\playlistDB with class loader jdk.internal.loader.ClassLoaders$AppClassLoader@77556fd 
Loaded from file:/C:/Users/seand/Iteration2/jar%20files/derby.jar
java.vendor=Oracle Corporation
java.runtime.version=11.0.2+9-LTS
user.dir=C:\Users\seand\Iteration2
os.name=Windows 10
os.arch=amd64
os.version=10.0
derby.system.home=null
Database Class Loader started - derby.database.classpath=''
----------------------------------------------------------------
Sun Apr 14 11:13:53 PDT 2019:
Shutting down instance a816c00e-016a-1d0e-182f-00000f5077a0 on database directory C:\Users\seand\Iteration2\SongsDB with class loader jdk.internal.loader.ClassLoaders$AppClassLoader@77556fd 
